[debug] [2024-06-22T15:39:03.480Z] ----------------------------------------------------------------------
[debug] [2024-06-22T15:39:03.486Z] Command:       C:\Program Files\nodejs\node.exe C:\Users\ITUSER\AppData\Roaming\npm\node_modules\firebase-tools\lib\bin\firebase.js init
[debug] [2024-06-22T15:39:03.487Z] CLI Version:   13.11.4
[debug] [2024-06-22T15:39:03.487Z] Platform:      win32
[debug] [2024-06-22T15:39:03.487Z] Node Version:  v20.12.2
[debug] [2024-06-22T15:39:03.487Z] Time:          Sat Jun 22 2024 22:09:03 GMT+0630 (Myanmar Time)
[debug] [2024-06-22T15:39:03.488Z] ----------------------------------------------------------------------
[debug] 
[debug] [2024-06-22T15:39:03.495Z] > command requires scopes: ["email","openid","https://www.googleapis.com/auth/cloudplatformprojects.readonly","https://www.googleapis.com/auth/firebase","https://www.googleapis.com/auth/cloud-platform"]
[debug] [2024-06-22T15:39:03.495Z] > authorizing via signed-in user (xopeofhopeness2004@gmail.com)
[info] 
     ######## #### ########  ######## ########     ###     ######  ########
     ##        ##  ##     ## ##       ##     ##  ##   ##  ##       ##
     ######    ##  ########  ######   ########  #########  ######  ######
     ##        ##  ##    ##  ##       ##     ## ##     ##       ## ##
     ##       #### ##     ## ######## ########  ##     ##  ######  ########

You're about to initialize a Firebase project in this directory:

  C:\Users\ITUSER\RLS\blog-app-codehub\backend

[info] 
=== Project Setup
[info] 
[info] First, let's associate this project directory with a Firebase project.
[info] You can create multiple project aliases by running firebase use --add, 
[info] but for now we'll just set up a default project.
[info] 
[info] i  If you want to create a project in a Google Cloud organization or folder, please use "firebase projects:create" instead, and return to this command when you've created the project. 
[debug] [2024-06-22T15:40:00.904Z] >>> [apiv2][query] POST https://cloudresourcemanager.googleapis.com/v1/projects [none]
[debug] [2024-06-22T15:40:00.905Z] >>> [apiv2][body] POST https://cloudresourcemanager.googleapis.com/v1/projects {"projectId":"blogio1","name":"blogio1"}
[debug] [2024-06-22T15:40:02.823Z] <<< [apiv2][status] POST https://cloudresourcemanager.googleapis.com/v1/projects 200
[debug] [2024-06-22T15:40:02.823Z] <<< [apiv2][body] POST https://cloudresourcemanager.googleapis.com/v1/projects {"name":"operations/cp.7777969827578309255"}
[debug] [2024-06-22T15:40:02.825Z] >>> [apiv2][query] GET https://cloudresourcemanager.googleapis.com/v1/operations/cp.7777969827578309255 [none]
[debug] [2024-06-22T15:40:04.190Z] <<< [apiv2][status] GET https://cloudresourcemanager.googleapis.com/v1/operations/cp.7777969827578309255 200
[debug] [2024-06-22T15:40:04.190Z] <<< [apiv2][body] GET https://cloudresourcemanager.googleapis.com/v1/operations/cp.7777969827578309255 {"name":"operations/cp.7777969827578309255"}
[debug] [2024-06-22T15:40:04.697Z] [Project Creation Poller] Retrying task index 0
[debug] [2024-06-22T15:40:04.700Z] >>> [apiv2][query] GET https://cloudresourcemanager.googleapis.com/v1/operations/cp.7777969827578309255 [none]
[debug] [2024-06-22T15:40:05.318Z] <<< [apiv2][status] GET https://cloudresourcemanager.googleapis.com/v1/operations/cp.7777969827578309255 200
[debug] [2024-06-22T15:40:05.319Z] <<< [apiv2][body] GET https://cloudresourcemanager.googleapis.com/v1/operations/cp.7777969827578309255 {"name":"operations/cp.7777969827578309255","metadata":{"@type":"type.googleapis.com/google.cloudresourcemanager.v1.ProjectCreationStatus","gettable":true}}
[debug] [2024-06-22T15:40:06.327Z] [Project Creation Poller] Retrying task index 0
[debug] [2024-06-22T15:40:06.329Z] >>> [apiv2][query] GET https://cloudresourcemanager.googleapis.com/v1/operations/cp.7777969827578309255 [none]
[debug] [2024-06-22T15:40:06.908Z] <<< [apiv2][status] GET https://cloudresourcemanager.googleapis.com/v1/operations/cp.7777969827578309255 200
[debug] [2024-06-22T15:40:06.908Z] <<< [apiv2][body] GET https://cloudresourcemanager.googleapis.com/v1/operations/cp.7777969827578309255 {"name":"operations/cp.7777969827578309255","metadata":{"@type":"type.googleapis.com/google.cloudresourcemanager.v1.ProjectCreationStatus","gettable":true,"ready":true},"done":true,"response":{"@type":"type.googleapis.com/google.cloudresourcemanager.v1.Project","projectNumber":"576528616720","projectId":"blogio1","lifecycleState":"ACTIVE","name":"blogio1","createTime":"2024-06-22T15:40:02.901252Z"}}
[debug] [2024-06-22T15:40:06.916Z] >>> [apiv2][query] POST https://firebase.googleapis.com/v1beta1/projects/blogio1:addFirebase [none]
[debug] [2024-06-22T15:40:10.721Z] <<< [apiv2][status] POST https://firebase.googleapis.com/v1beta1/projects/blogio1:addFirebase 200
[debug] [2024-06-22T15:40:10.722Z] <<< [apiv2][body] POST https://firebase.googleapis.com/v1beta1/projects/blogio1:addFirebase {"name":"operations/workflows/N2ZjMjc2Y2ItMTI5ZC00YmFmLTliZmUtYjA3MjBkNjAyYWIz"}
[debug] [2024-06-22T15:40:10.722Z] >>> [apiv2][query] GET https://firebase.googleapis.com/v1beta1/operations/workflows/N2ZjMjc2Y2ItMTI5ZC00YmFmLTliZmUtYjA3MjBkNjAyYWIz [none]
[debug] [2024-06-22T15:40:12.213Z] <<< [apiv2][status] GET https://firebase.googleapis.com/v1beta1/operations/workflows/N2ZjMjc2Y2ItMTI5ZC00YmFmLTliZmUtYjA3MjBkNjAyYWIz 200
[debug] [2024-06-22T15:40:12.214Z] <<< [apiv2][body] GET https://firebase.googleapis.com/v1beta1/operations/workflows/N2ZjMjc2Y2ItMTI5ZC00YmFmLTliZmUtYjA3MjBkNjAyYWIz {"name":"operations/workflows/N2ZjMjc2Y2ItMTI5ZC00YmFmLTliZmUtYjA3MjBkNjAyYWIz"}
[debug] [2024-06-22T15:40:12.715Z] [Add Firebase Poller] Retrying task index 0
[debug] [2024-06-22T15:40:12.718Z] >>> [apiv2][query] GET https://firebase.googleapis.com/v1beta1/operations/workflows/N2ZjMjc2Y2ItMTI5ZC00YmFmLTliZmUtYjA3MjBkNjAyYWIz [none]
[debug] [2024-06-22T15:40:13.976Z] <<< [apiv2][status] GET https://firebase.googleapis.com/v1beta1/operations/workflows/N2ZjMjc2Y2ItMTI5ZC00YmFmLTliZmUtYjA3MjBkNjAyYWIz 200
[debug] [2024-06-22T15:40:13.976Z] <<< [apiv2][body] GET https://firebase.googleapis.com/v1beta1/operations/workflows/N2ZjMjc2Y2ItMTI5ZC00YmFmLTliZmUtYjA3MjBkNjAyYWIz {"name":"operations/workflows/N2ZjMjc2Y2ItMTI5ZC00YmFmLTliZmUtYjA3MjBkNjAyYWIz"}
[debug] [2024-06-22T15:40:14.989Z] [Add Firebase Poller] Retrying task index 0
[debug] [2024-06-22T15:40:14.991Z] >>> [apiv2][query] GET https://firebase.googleapis.com/v1beta1/operations/workflows/N2ZjMjc2Y2ItMTI5ZC00YmFmLTliZmUtYjA3MjBkNjAyYWIz [none]
[debug] [2024-06-22T15:40:15.792Z] <<< [apiv2][status] GET https://firebase.googleapis.com/v1beta1/operations/workflows/N2ZjMjc2Y2ItMTI5ZC00YmFmLTliZmUtYjA3MjBkNjAyYWIz 200
[debug] [2024-06-22T15:40:15.792Z] <<< [apiv2][body] GET https://firebase.googleapis.com/v1beta1/operations/workflows/N2ZjMjc2Y2ItMTI5ZC00YmFmLTliZmUtYjA3MjBkNjAyYWIz {"name":"operations/workflows/N2ZjMjc2Y2ItMTI5ZC00YmFmLTliZmUtYjA3MjBkNjAyYWIz"}
[debug] [2024-06-22T15:40:17.800Z] [Add Firebase Poller] Retrying task index 0
[debug] [2024-06-22T15:40:17.803Z] >>> [apiv2][query] GET https://firebase.googleapis.com/v1beta1/operations/workflows/N2ZjMjc2Y2ItMTI5ZC00YmFmLTliZmUtYjA3MjBkNjAyYWIz [none]
[debug] [2024-06-22T15:40:18.770Z] <<< [apiv2][status] GET https://firebase.googleapis.com/v1beta1/operations/workflows/N2ZjMjc2Y2ItMTI5ZC00YmFmLTliZmUtYjA3MjBkNjAyYWIz 200
[debug] [2024-06-22T15:40:18.771Z] <<< [apiv2][body] GET https://firebase.googleapis.com/v1beta1/operations/workflows/N2ZjMjc2Y2ItMTI5ZC00YmFmLTliZmUtYjA3MjBkNjAyYWIz {"name":"operations/workflows/N2ZjMjc2Y2ItMTI5ZC00YmFmLTliZmUtYjA3MjBkNjAyYWIz"}
[debug] [2024-06-22T15:40:22.782Z] [Add Firebase Poller] Retrying task index 0
[debug] [2024-06-22T15:40:22.783Z] >>> [apiv2][query] GET https://firebase.googleapis.com/v1beta1/operations/workflows/N2ZjMjc2Y2ItMTI5ZC00YmFmLTliZmUtYjA3MjBkNjAyYWIz [none]
[debug] [2024-06-22T15:40:23.538Z] <<< [apiv2][status] GET https://firebase.googleapis.com/v1beta1/operations/workflows/N2ZjMjc2Y2ItMTI5ZC00YmFmLTliZmUtYjA3MjBkNjAyYWIz 200
[debug] [2024-06-22T15:40:23.539Z] <<< [apiv2][body] GET https://firebase.googleapis.com/v1beta1/operations/workflows/N2ZjMjc2Y2ItMTI5ZC00YmFmLTliZmUtYjA3MjBkNjAyYWIz {"name":"operations/workflows/N2ZjMjc2Y2ItMTI5ZC00YmFmLTliZmUtYjA3MjBkNjAyYWIz","done":true,"response":{"@type":"type.googleapis.com/google.firebase.service.v1beta1.FirebaseProject","projectId":"blogio1","projectNumber":"576528616720","displayName":"blogio1","name":"projects/blogio1","resources":{"hostingSite":"blogio1"}}}
[info] 
[info] === Your Firebase project is ready! ===
[info] 
[info] Project information:
[info]    - Project ID: blogio1
[info]    - Project Name: blogio1
[info] 
[info] Firebase console is available at
[info] https://console.firebase.google.com/project/blogio1/overview
[info] i  Using project blogio1 (blogio1) 
[info] 
=== Hosting Setup
[debug] [2024-06-22T15:40:23.579Z] >>> [apiv2][query] GET https://firebase.googleapis.com/v1beta1/projects/blogio1 [none]
[debug] [2024-06-22T15:40:24.520Z] <<< [apiv2][status] GET https://firebase.googleapis.com/v1beta1/projects/blogio1 200
[debug] [2024-06-22T15:40:24.521Z] <<< [apiv2][body] GET https://firebase.googleapis.com/v1beta1/projects/blogio1 {"projectId":"blogio1","projectNumber":"576528616720","displayName":"blogio1","name":"projects/blogio1","resources":{"hostingSite":"blogio1"},"state":"ACTIVE","etag":"1_f39c91ee-9bb9-4d03-b1f5-a937ab6d0754"}
[info] 
[info] Your public directory is the folder (relative to your project directory) that
[info] will contain Hosting assets to be uploaded with firebase deploy. If you
[info] have a build process for your assets, use your build's output directory.
[info] 
[info] +  Wrote public/404.html 
[debug] [2024-06-22T15:41:24.805Z] >>> [apiv2][query] GET https://www.gstatic.com/firebasejs/releases.json [none]
[debug] [2024-06-22T15:41:25.304Z] <<< [apiv2][status] GET https://www.gstatic.com/firebasejs/releases.json 200
[debug] [2024-06-22T15:41:25.304Z] <<< [apiv2][body] GET https://www.gstatic.com/firebasejs/releases.json {"current":{"version":"10.12.2","browserURL":"https://www.gstatic.com/firebasejs/10.12.2/firebase.js","packageURL":"https://www.gstatic.com/firebasejs/10.12.2/firebase.tgz"},"live":{"version":"10.12","browserURL":"https://www.gstatic.com/firebasejs/live/10.12/firebase.js","packageURL":"https://www.gstatic.com/firebasejs/live/10.12/firebase.tgz"},"components":{"analytics":"https://www.gstatic.com/firebasejs/10.12.2/firebase-analytics.js","app":"https://www.gstatic.com/firebasejs/10.12.2/firebase-app.js","app-check":"https://www.gstatic.com/firebasejs/10.12.2/firebase-app-check.js","auth":"https://www.gstatic.com/firebasejs/10.12.2/firebase-auth.js","auth/cordova":"https://www.gstatic.com/firebasejs/10.12.2/firebase-auth/cordova.js","auth/web-extension":"https://www.gstatic.com/firebasejs/10.12.2/firebase-auth/web-extension.js","functions":"https://www.gstatic.com/firebasejs/10.12.2/firebase-functions.js","firestore":"https://www.gstatic.com/firebasejs/10.12.2/firebase-firestore.js","firestore/lite":"https://www.gstatic.com/firebasejs/10.12.2/firebase-firestore/lite.js","installations":"https://www.gstatic.com/firebasejs/10.12.2/firebase-installations.js","storage":"https://www.gstatic.com/firebasejs/10.12.2/firebase-storage.js","performance":"https://www.gstatic.com/firebasejs/10.12.2/firebase-performance.js","remote-config":"https://www.gstatic.com/firebasejs/10.12.2/firebase-remote-config.js","messaging":"https://www.gstatic.com/firebasejs/10.12.2/firebase-messaging.js","messaging/sw":"https://www.gstatic.com/firebasejs/10.12.2/firebase-messaging/sw.js","database":"https://www.gstatic.com/firebasejs/10.12.2/firebase-database.js","vertexai-preview":"https://www.gstatic.com/firebasejs/10.12.2/firebase-vertexai-preview.js","firestore.memory":"https://www.gstatic.com/firebasejs/10.12.2/firebase-firestore.memory.js"}}
[info] +  Wrote public/index.html 
[info] 
[info] i  Detected a .git folder at C:\Users\ITUSER\RLS\blog-app-codehub 
[info] i  Authorizing with GitHub to upload your service account to a GitHub repository's secrets store. 
[info] 
[info] Visit this URL on this device to log in:
[info] https://github.com/login/oauth/authorize?client_id=89cf50f02ac6aaed3484&state=406186659&redirect_uri=http%3A%2F%2Flocalhost%3A9005&scope=read%3Auser%20repo%20public_repo
[info] 
[info] Waiting for authentication...
[debug] [2024-06-22T15:41:55.595Z] >>> [apiv2][query] POST https://github.com/login/oauth/access_token [none]
[debug] [2024-06-22T15:41:55.596Z] >>> [apiv2][body] POST https://github.com/login/oauth/access_token [stream]
[debug] [2024-06-22T15:41:56.418Z] <<< [apiv2][status] POST https://github.com/login/oauth/access_token 200
[debug] [2024-06-22T15:41:56.419Z] <<< [apiv2][body] POST https://github.com/login/oauth/access_token {"access_token":"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","token_type":"bearer","scope":"read:user,repo"}
[debug] [2024-06-22T15:41:56.452Z] >>> [apiv2][query] GET https://api.github.com/user [none]
[debug] [2024-06-22T15:41:57.051Z] <<< [apiv2][status] GET https://api.github.com/user 200
[debug] [2024-06-22T15:41:57.051Z] <<< [apiv2][body] GET https://api.github.com/user {"login":"juniaaaa133","id":136628444,"node_id":"U_kgDOCCTI3A","avatar_url":"https://avatars.githubusercontent.com/u/136628444?v=4","gravatar_id":"","url":"https://api.github.com/users/juniaaaa133","html_url":"https://github.com/juniaaaa133","followers_url":"https://api.github.com/users/juniaaaa133/followers","following_url":"https://api.github.com/users/juniaaaa133/following{/other_user}","gists_url":"https://api.github.com/users/juniaaaa133/gists{/gist_id}","starred_url":"https://api.github.com/users/juniaaaa133/starred{/owner}{/repo}","subscriptions_url":"https://api.github.com/users/juniaaaa133/subscriptions","organizations_url":"https://api.github.com/users/juniaaaa133/orgs","repos_url":"https://api.github.com/users/juniaaaa133/repos","events_url":"https://api.github.com/users/juniaaaa133/events{/privacy}","received_events_url":"https://api.github.com/users/juniaaaa133/received_events","type":"User","site_admin":false,"name":"Reinnn","company":null,"blog":"","location":null,"email":null,"hireable":null,"bio":null,"twitter_username":null,"public_repos":28,"public_gists":0,"followers":0,"following":1,"created_at":"2023-06-14T16:42:41Z","updated_at":"2024-02-11T14:42:59Z","private_gists":0,"total_private_repos":0,"owned_private_repos":0,"disk_usage":75214,"collaborators":0,"two_factor_authentication":false,"plan":{"name":"free","space":976562499,"collaborators":0,"private_repos":10000}}
[info] 
[info] +  Success! Logged into GitHub as juniaaaa133 
[info] 
[debug] [2024-06-22T15:46:30.636Z] >>> [apiv2][query] GET https://api.github.com/repos/https://github.com/juniaaaa133/Blog.io.git/actions/secrets/public-key type=owner
[debug] [2024-06-22T15:46:31.716Z] <<< [apiv2][status] GET https://api.github.com/repos/https://github.com/juniaaaa133/Blog.io.git/actions/secrets/public-key 404
[debug] [2024-06-22T15:46:31.717Z] <<< [apiv2][body] GET https://api.github.com/repos/https://github.com/juniaaaa133/Blog.io.git/actions/secrets/public-key {"message":"Not Found","documentation_url":"https://docs.github.com/rest","status":"404"}
[info] 
[info] 
[error] !  The provided authorization cannot be used with this repository. If this repository is in an organization, did you remember to grant access? 
[info] 
[info] i  Action required: Visit this URL to ensure access has been granted to the appropriate organization(s) for the Firebase CLI GitHub OAuth App: 
[info] https://github.com/settings/connections/applications/89cf50f02ac6aaed3484
[info] 
